[00:31:21] [Server thread/INFO]: /156.146.63.199:34025 lost connection: Internal Exception: java.lang.IllegalStateException: Invalid characters in username
[03:28:23] [Server thread/INFO]: /156.146.63.199:8253 lost connection: Internal Exception: java.lang.IllegalStateException: Invalid characters in username
[10:40:41] [Server thread/INFO]: /156.146.63.199:24985 lost connection: Internal Exception: java.lang.IllegalStateException: Invalid characters in username
[13:25:46] [Server thread/INFO]: /156.146.63.199:13955 lost connection: Internal Exception: java.lang.IllegalStateException: Invalid characters in username
[16:25:34] [Server thread/INFO]: Stopping the server
[16:25:34] [Server thread/INFO]: Stopping server
[16:25:35] [Server thread/INFO]: [Geyser-Spigot] Disabling Geyser-Spigot v2.6.0-SNAPSHOT
[16:25:35] [Server thread/INFO]: [Geyser-Spigot] Shutting down Geyser.
[16:25:35] [Server thread/INFO]: [Geyser-Spigot] Geyser shutdown successfully.
[16:25:35] [Server thread/INFO]: [ViaVersion] Disabling ViaVersion v5.2.1
[16:25:35] [Server thread/INFO]: [ViaVersion] ViaVersion has been disabled; uninjected the platform and shut down the scheduler.
[16:25:35] [Server thread/INFO]: [floodgate] Disabling floodgate v2.2.3-SNAPSHOT (b114-83fbd6e)
[16:25:35] [WebSocketConnectReadThread-117317/INFO]: [Geyser-Spigot] The skin uploader has been closed
[16:25:35] [Server thread/INFO]: Saving players
[16:25:35] [Server thread/INFO]: Saving worlds
[16:25:35] [Server thread/INFO]: Saving chunks for level 'ServerLevel[world]'/minecraft:overworld
[16:25:35] [Server thread/INFO]: [ChunkHolderManager] Waiting 60s for chunk system to halt for world 'world'
[16:25:35] [Server thread/INFO]: [ChunkHolderManager] Halted chunk system for world 'world'
[16:25:35] [Server thread/INFO]: [ChunkHolderManager] Saving all chunkholders for world 'world'
[16:25:35] [Server thread/INFO]: [ChunkHolderManager] Saved 0 block chunks, 15 entity chunks, 0 poi chunks in world 'world' in 0.01s
[16:25:35] [Server thread/INFO]: [ChunkHolderManager] Waiting 60s for chunk I/O to halt for world 'world'
[16:25:35] [Server thread/INFO]: [ChunkHolderManager] Halted I/O scheduler for world 'world'
[16:25:35] [Server thread/INFO]: Saving chunks for level 'ServerLevel[world_nether]'/minecraft:the_nether
[16:25:35] [Server thread/INFO]: [ChunkHolderManager] Waiting 60s for chunk system to halt for world 'world_nether'
[16:25:35] [Server thread/INFO]: [ChunkHolderManager] Halted chunk system for world 'world_nether'
[16:25:35] [Server thread/INFO]: [ChunkHolderManager] Saving all chunkholders for world 'world_nether'
[16:25:35] [Server thread/INFO]: [ChunkHolderManager] Saved 4 block chunks, 26 entity chunks, 0 poi chunks in world 'world_nether' in 0.01s
[16:25:35] [Server thread/INFO]: [ChunkHolderManager] Waiting 60s for chunk I/O to halt for world 'world_nether'
[16:25:35] [Server thread/INFO]: [ChunkHolderManager] Halted I/O scheduler for world 'world_nether'
[16:25:35] [Server thread/INFO]: Saving chunks for level 'ServerLevel[world_the_end]'/minecraft:the_end
[16:25:35] [Server thread/INFO]: [ChunkHolderManager] Waiting 60s for chunk system to halt for world 'world_the_end'
[16:25:35] [Server thread/INFO]: [ChunkHolderManager] Halted chunk system for world 'world_the_end'
[16:25:35] [Server thread/INFO]: [ChunkHolderManager] Saving all chunkholders for world 'world_the_end'
[16:25:35] [Server thread/INFO]: [ChunkHolderManager] Saved 0 block chunks, 10 entity chunks, 0 poi chunks in world 'world_the_end' in 0.00s
[16:25:35] [Server thread/INFO]: [ChunkHolderManager] Waiting 60s for chunk I/O to halt for world 'world_the_end'
[16:25:35] [Server thread/INFO]: [ChunkHolderManager] Halted I/O scheduler for world 'world_the_end'
[16:25:35] [Server thread/INFO]: ThreadedAnvilChunkStorage (world): All chunks are saved
[16:25:35] [Server thread/INFO]: ThreadedAnvilChunkStorage (DIM-1): All chunks are saved
[16:25:35] [Server thread/INFO]: ThreadedAnvilChunkStorage (DIM1): All chunks are saved
[16:25:35] [Server thread/INFO]: ThreadedAnvilChunkStorage: All dimensions are saved
[16:25:35] [Server thread/INFO]: Waiting for I/O tasks to complete...
[16:25:35] [Server thread/INFO]: All I/O tasks to complete
[16:25:35] [Server thread/INFO]: [MoonriseCommon] Awaiting termination of worker pool for up to 60s...
[16:25:35] [Server thread/INFO]: [MoonriseCommon] Awaiting termination of I/O pool for up to 60s...
